<?xml version="1.0" encoding="UTF-8"?>
<Site BuildName="Linux-c++"
	BuildStamp="20231115-1433-Experimental"
	Name="z-Predator-PHN16-71"
	Generator="ctest-3.22.1"
	CompilerName="/usr/bin/c++"
	CompilerVersion="11.4.0"
	OSName="Linux"
	Hostname="z-Predator-PHN16-71"
	OSRelease="6.2.0-36-generic"
	OSVersion="#37~22.04.1-Ubuntu SMP PREEMPT_DYNAMIC Mon Oct  9 15:34:04 UTC 2"
	OSPlatform="x86_64"
	Is64Bits="1"
	VendorString="GenuineIntel"
	VendorID="Intel Corporation"
	FamilyID="6"
	ModelID="191"
	ProcessorCacheSize="24576"
	NumberOfLogicalCPU="20"
	NumberOfPhysicalCPU="14"
	TotalVirtualMemory="15624"
	TotalPhysicalMemory="15702"
	LogicalProcessorsPerPhysical="1"
	ProcessorClockFrequency="4288.74"
	>
	<Testing>
		<StartDateTime>Nov 15 22:33 CST</StartDateTime>
		<StartTestTime>1700058812</StartTestTime>
		<TestList/>
		<EndDateTime>Nov 15 22:33 CST</EndDateTime>
		<EndTestTime>1700058812</EndTestTime>
		<ElapsedMinutes>0</ElapsedMinutes>
	</Testing>
</Site>
