<?xml version="1.0" encoding="UTF-8"?>
<Site BuildName="Linux-c++"
	BuildStamp="20231103-1311-Experimental"
	Name="z-Predator-PHN16-71"
	Generator="ctest-3.22.1"
	CompilerName="/usr/bin/c++"
	CompilerVersion="11.4.0"
	OSName="Linux"
	Hostname="z-Predator-PHN16-71"
	OSRelease="6.2.0-26-generic"
	OSVersion="#26~22.04.1-Ubuntu SMP PREEMPT_DYNAMIC Thu Jul 13 16:27:29 UTC 2"
	OSPlatform="x86_64"
	Is64Bits="1"
	VendorString="GenuineIntel"
	VendorID="Intel Corporation"
	FamilyID="6"
	ModelID="191"
	ProcessorCacheSize="24576"
	NumberOfLogicalCPU="20"
	NumberOfPhysicalCPU="14"
	TotalVirtualMemory="15624"
	TotalPhysicalMemory="15702"
	LogicalProcessorsPerPhysical="1"
	ProcessorClockFrequency="4465"
	>
	<Testing>
		<StartDateTime>Nov 03 21:26 CST</StartDateTime>
		<StartTestTime>1699018012</StartTestTime>
		<TestList/>
		<EndDateTime>Nov 03 21:26 CST</EndDateTime>
		<EndTestTime>1699018012</EndTestTime>
		<ElapsedMinutes>0</ElapsedMinutes>
	</Testing>
</Site>
